SLURM_JOBID=5994829
SLURM_JOB_NODELIST=cpn-k10-05-01,cpn-k10-24-02,cpn-k11-34-02,cpn-k11-37-02,cpn-k13-05-02,cpn-k13-23-02,cpn-k14-14-[01-02],cpn-k14-23-02,cpn-k14-24-01,cpn-k14-29-01,cpn-k16-26-01
SLURM_NNODES=12
SLURM_NPROCS=
SLURMTMPDIR=/scratch/5994829
working directory = /user/sbhatt2/HPC/assignment_3/q2

Currently Loaded Modules:
  1) lmod/6.0.1   3) gcc/5.4.0    5) intel-mpi/5.0.2
  2) StdEnv       4) intel/15.0

PI using MPI: 

Result from 1 Node: 

Time taken: 1.15851 s
Pi=3.14159269358617799
Result from 2 Node: 

Time taken: 0.595666 s
Pi=3.14159269358604254
Result from 3 Node: 

Time taken: 0.401533 s
Pi=3.14159269357909565
Result from 4 Node: 

Time taken: 0.310806 s
Pi=3.14159269358617532
Result from 5 Node: 

Time taken: 0.246208 s
Pi=3.14159269358616022
Result from 6 Node: 

Time taken: 0.215843 s
Pi=3.14159269354770254
Result from 7 Node: 

Time taken: 0.187761 s
Pi=3.1415926935702787
Result from 8 Node: 

Time taken: 0.170888 s
Pi=3.14159269358611848
Result from 9 Node: 

Time taken: 0.159294 s
Pi=3.14159269357923598
Result from 10 Node: 

Time taken: 0.140802 s
Pi=3.14159269358614779
Result from 11 Node: 

Time taken: 0.131442 s
Pi=3.14159269357923554
Result from 12 Node: 

Time taken: 0.123343 s
Pi=3.14159269354769854
Result from 1 Node: 

Time taken: 1.15914 s
Pi=3.14159269358617799
Result from 2 Node: 

Time taken: 1.16031 s
Pi=3.14159267358853622
Result from 3 Node: 

Time taken: 1.1626 s
Pi=3.14159266692233263
Result from 4 Node: 

Time taken: 1.16494 s
Pi=3.14159266358940581
Result from 5 Node: 

Time taken: 1.15785 s
Pi=3.14159266158936346
Result from 6 Node: 

Time taken: 1.1637 s
Pi=3.14159266025619655
Result from 7 Node: 

Time taken: 1.1624 s
Pi=3.14159265930388809
Result from 8 Node: 

Time taken: 1.16746 s
Pi=3.1415926585895062
Result from 9 Node: 

Time taken: 1.16444 s
Pi=3.14159265803413179
Result from 10 Node: 

Time taken: 1.16975 s
Pi=3.14159265758967798
Result from 11 Node: 

Time taken: 1.17073 s
Pi=3.14159265722607284
Result from 12 Node: 

Time taken: 1.16361 s
Pi=3.14159265692298817
Completed!
